This file contains any messages produced by compilers while
running configure, to aid debugging if configure makes a mistake.

It was created by alien configure 0.7.1, which was
generated by GNU Autoconf 2.69.  Invocation command line was

  $ ./configure 

## --------- ##
## Platform. ##
## --------- ##

hostname = fengyz-OptiPlex-9020
uname -m = x86_64
uname -r = 4.15.0-42-generic
uname -s = Linux
uname -v = #45~16.04.1-Ubuntu SMP Mon Nov 19 13:02:27 UTC 2018

/usr/bin/uname -p = unknown
/bin/uname -X     = unknown

/bin/arch              = unknown
/usr/bin/arch -k       = unknown
/usr/convex/getsysinfo = unknown
/usr/bin/hostinfo      = unknown
/bin/machine           = unknown
/usr/bin/oslevel       = unknown
/bin/universe          = unknown

PATH: /home/fengyz/bin
PATH: /home/fengyz/.local/bin
PATH: /usr/local/sbin
PATH: /usr/local/bin
PATH: /usr/sbin
PATH: /usr/bin
PATH: /sbin
PATH: /bin
PATH: /usr/games
PATH: /usr/local/games
PATH: /snap/bin


## ----------- ##
## Core tests. ##
## ----------- ##

configure:2344: checking for a BSD-compatible install
configure:2412: result: /usr/bin/install -c
configure:2423: checking whether build environment is sane
configure:2478: result: yes
configure:2629: checking for a thread-safe mkdir -p
configure:2668: result: /bin/mkdir -p
configure:2675: checking for gawk
configure:2691: found /usr/bin/gawk
configure:2702: result: gawk
configure:2713: checking whether make sets $(MAKE)
configure:2735: result: yes
configure:2764: checking whether make supports nested variables
configure:2781: result: yes
configure:2919: checking whether make supports nested variables
configure:2936: result: yes
configure:2960: checking for style of include used by make
configure:2988: result: GNU
configure:3059: checking for gcc
configure:3075: found /usr/bin/gcc
configure:3086: result: gcc
configure:3315: checking for C compiler version
configure:3324: gcc --version >&5
gcc (Ubuntu 5.4.0-6ubuntu1~16.04.10) 5.4.0 20160609
Copyright (C) 2015 Free Software Foundation, Inc.
This is free software; see the source for copying conditions.  There is NO
warranty; not even for MERCHANTABILITY or FITNESS FOR A PARTICULAR PURPOSE.

configure:3335: $? = 0
configure:3324: gcc -v >&5
Using built-in specs.
COLLECT_GCC=gcc
COLLECT_LTO_WRAPPER=/usr/lib/gcc/x86_64-linux-gnu/5/lto-wrapper
Target: x86_64-linux-gnu
Configured with: ../src/configure -v --with-pkgversion='Ubuntu 5.4.0-6ubuntu1~16.04.10' --with-bugurl=file:///usr/share/doc/gcc-5/README.Bugs --enable-languages=c,ada,c++,java,go,d,fortran,objc,obj-c++ --prefix=/usr --program-suffix=-5 --enable-shared --enable-linker-build-id --libexecdir=/usr/lib --without-included-gettext --enable-threads=posix --libdir=/usr/lib --enable-nls --with-sysroot=/ --enable-clocale=gnu --enable-libstdcxx-debug --enable-libstdcxx-time=yes --with-default-libstdcxx-abi=new --enable-gnu-unique-object --disable-vtable-verify --enable-libmpx --enable-plugin --with-system-zlib --disable-browser-plugin --enable-java-awt=gtk --enable-gtk-cairo --with-java-home=/usr/lib/jvm/java-1.5.0-gcj-5-amd64/jre --enable-java-home --with-jvm-root-dir=/usr/lib/jvm/java-1.5.0-gcj-5-amd64 --with-jvm-jar-dir=/usr/lib/jvm-exports/java-1.5.0-gcj-5-amd64 --with-arch-directory=amd64 --with-ecj-jar=/usr/share/java/eclipse-ecj.jar --enable-objc-gc --enable-multiarch --disable-werror --with-arch-32=i686 --with-abi=m64 --with-multilib-list=m32,m64,mx32 --enable-multilib --with-tune=generic --enable-checking=release --build=x86_64-linux-gnu --host=x86_64-linux-gnu --target=x86_64-linux-gnu
Thread model: posix
gcc version 5.4.0 20160609 (Ubuntu 5.4.0-6ubuntu1~16.04.10) 
configure:3335: $? = 0
configure:3324: gcc -V >&5
gcc: error: unrecognized command line option '-V'
gcc: fatal error: no input files
compilation terminated.
configure:3335: $? = 1
configure:3324: gcc -qversion >&5
gcc: error: unrecognized command line option '-qversion'
gcc: fatal error: no input files
compilation terminated.
configure:3335: $? = 1
configure:3355: checking whether the C compiler works
configure:3377: gcc    conftest.c  >&5
configure:3381: $? = 0
configure:3429: result: yes
configure:3432: checking for C compiler default output file name
configure:3434: result: a.out
configure:3440: checking for suffix of executables
configure:3447: gcc -o conftest    conftest.c  >&5
configure:3451: $? = 0
configure:3473: result: 
configure:3495: checking whether we are cross compiling
configure:3503: gcc -o conftest    conftest.c  >&5
configure:3507: $? = 0
configure:3514: ./conftest
configure:3518: $? = 0
configure:3533: result: no
configure:3538: checking for suffix of object files
configure:3560: gcc -c   conftest.c >&5
configure:3564: $? = 0
configure:3585: result: o
configure:3589: checking whether we are using the GNU C compiler
configure:3608: gcc -c   conftest.c >&5
configure:3608: $? = 0
configure:3617: result: yes
configure:3626: checking whether gcc accepts -g
configure:3646: gcc -c -g  conftest.c >&5
configure:3646: $? = 0
configure:3687: result: yes
configure:3704: checking for gcc option to accept ISO C89
configure:3767: gcc  -c -g -O2  conftest.c >&5
configure:3767: $? = 0
configure:3780: result: none needed
configure:3805: checking whether gcc understands -c and -o together
configure:3827: gcc -c conftest.c -o conftest2.o
configure:3830: $? = 0
configure:3827: gcc -c conftest.c -o conftest2.o
configure:3830: $? = 0
configure:3842: result: yes
configure:3861: checking dependency style of gcc
configure:3972: result: gcc3
configure:4037: checking for ar
configure:4053: found /usr/bin/ar
configure:4064: result: ar
configure:4090: checking the archiver (ar) interface
configure:4106: gcc -c -g -O2  conftest.c >&5
configure:4106: $? = 0
configure:4108: ar cru libconftest.a conftest.o >&5
ar: `u' modifier ignored since `D' is the default (see `U')
configure:4111: $? = 0
configure:4139: result: ar
configure:4207: checking for gcc
configure:4234: result: gcc
configure:4463: checking for C compiler version
configure:4472: gcc --version >&5
gcc (Ubuntu 5.4.0-6ubuntu1~16.04.10) 5.4.0 20160609
Copyright (C) 2015 Free Software Foundation, Inc.
This is free software; see the source for copying conditions.  There is NO
warranty; not even for MERCHANTABILITY or FITNESS FOR A PARTICULAR PURPOSE.

configure:4483: $? = 0
configure:4472: gcc -v >&5
Using built-in specs.
COLLECT_GCC=gcc
COLLECT_LTO_WRAPPER=/usr/lib/gcc/x86_64-linux-gnu/5/lto-wrapper
Target: x86_64-linux-gnu
Configured with: ../src/configure -v --with-pkgversion='Ubuntu 5.4.0-6ubuntu1~16.04.10' --with-bugurl=file:///usr/share/doc/gcc-5/README.Bugs --enable-languages=c,ada,c++,java,go,d,fortran,objc,obj-c++ --prefix=/usr --program-suffix=-5 --enable-shared --enable-linker-build-id --libexecdir=/usr/lib --without-included-gettext --enable-threads=posix --libdir=/usr/lib --enable-nls --with-sysroot=/ --enable-clocale=gnu --enable-libstdcxx-debug --enable-libstdcxx-time=yes --with-default-libstdcxx-abi=new --enable-gnu-unique-object --disable-vtable-verify --enable-libmpx --enable-plugin --with-system-zlib --disable-browser-plugin --enable-java-awt=gtk --enable-gtk-cairo --with-java-home=/usr/lib/jvm/java-1.5.0-gcj-5-amd64/jre --enable-java-home --with-jvm-root-dir=/usr/lib/jvm/java-1.5.0-gcj-5-amd64 --with-jvm-jar-dir=/usr/lib/jvm-exports/java-1.5.0-gcj-5-amd64 --with-arch-directory=amd64 --with-ecj-jar=/usr/share/java/eclipse-ecj.jar --enable-objc-gc --enable-multiarch --disable-werror --with-arch-32=i686 --with-abi=m64 --with-multilib-list=m32,m64,mx32 --enable-multilib --with-tune=generic --enable-checking=release --build=x86_64-linux-gnu --host=x86_64-linux-gnu --target=x86_64-linux-gnu
Thread model: posix
gcc version 5.4.0 20160609 (Ubuntu 5.4.0-6ubuntu1~16.04.10) 
configure:4483: $? = 0
configure:4472: gcc -V >&5
gcc: error: unrecognized command line option '-V'
gcc: fatal error: no input files
compilation terminated.
configure:4483: $? = 1
configure:4472: gcc -qversion >&5
gcc: error: unrecognized command line option '-qversion'
gcc: fatal error: no input files
compilation terminated.
configure:4483: $? = 1
configure:4487: checking whether we are using the GNU C compiler
configure:4515: result: yes
configure:4524: checking whether gcc accepts -g
configure:4585: result: yes
configure:4602: checking for gcc option to accept ISO C89
configure:4678: result: none needed
configure:4703: checking whether gcc understands -c and -o together
configure:4740: result: yes
configure:4759: checking dependency style of gcc
configure:4870: result: gcc3
configure:4920: checking build system type
configure:4934: result: x86_64-pc-linux-gnu
configure:4954: checking host system type
configure:4967: result: x86_64-pc-linux-gnu
configure:5008: checking how to print strings
configure:5035: result: printf
configure:5056: checking for a sed that does not truncate output
configure:5120: result: /bin/sed
configure:5138: checking for grep that handles long lines and -e
configure:5196: result: /bin/grep
configure:5201: checking for egrep
configure:5263: result: /bin/grep -E
configure:5268: checking for fgrep
configure:5330: result: /bin/grep -F
configure:5365: checking for ld used by gcc
configure:5432: result: /usr/bin/ld
configure:5439: checking if the linker (/usr/bin/ld) is GNU ld
configure:5454: result: yes
configure:5466: checking for BSD- or MS-compatible name lister (nm)
configure:5520: result: /usr/bin/nm -B
configure:5650: checking the name lister (/usr/bin/nm -B) interface
configure:5657: gcc -c -g -O2  conftest.c >&5
configure:5660: /usr/bin/nm -B "conftest.o"
configure:5663: output
0000000000000000 B some_variable
configure:5670: result: BSD nm
configure:5673: checking whether ln -s works
configure:5677: result: yes
configure:5685: checking the maximum length of command line arguments
configure:5816: result: 1572864
configure:5864: checking how to convert x86_64-pc-linux-gnu file names to x86_64-pc-linux-gnu format
configure:5904: result: func_convert_file_noop
configure:5911: checking how to convert x86_64-pc-linux-gnu file names to toolchain format
configure:5931: result: func_convert_file_noop
configure:5938: checking for /usr/bin/ld option to reload object files
configure:5945: result: -r
configure:6019: checking for objdump
configure:6035: found /usr/bin/objdump
configure:6046: result: objdump
configure:6078: checking how to recognize dependent libraries
configure:6278: result: pass_all
configure:6363: checking for dlltool
configure:6393: result: no
configure:6423: checking how to associate runtime and link libraries
configure:6450: result: printf %s\n
configure:6574: checking for archiver @FILE support
configure:6591: gcc -c -g -O2  conftest.c >&5
configure:6591: $? = 0
configure:6594: ar cru libconftest.a @conftest.lst >&5
ar: `u' modifier ignored since `D' is the default (see `U')
configure:6597: $? = 0
configure:6602: ar cru libconftest.a @conftest.lst >&5
ar: `u' modifier ignored since `D' is the default (see `U')
ar: conftest.o: No such file or directory
configure:6605: $? = 1
configure:6617: result: @
configure:6675: checking for strip
configure:6691: found /usr/bin/strip
configure:6702: result: strip
configure:6774: checking for ranlib
configure:6790: found /usr/bin/ranlib
configure:6801: result: ranlib
configure:6903: checking command to parse /usr/bin/nm -B output from gcc object
configure:7056: gcc -c -g -O2  conftest.c >&5
configure:7059: $? = 0
configure:7063: /usr/bin/nm -B conftest.o \| sed -n -e 's/^.*[ ]\([ABCDGIRSTW][ABCDGIRSTW]*\)[ ][ ]*\([_A-Za-z][_A-Za-z0-9]*\)$/\1 \2 \2/p' | sed '/ __gnu_lto/d' \> conftest.nm
configure:7066: $? = 0
configure:7132: gcc -o conftest -g -O2   conftest.c conftstm.o >&5
configure:7135: $? = 0
configure:7173: result: ok
configure:7220: checking for sysroot
configure:7250: result: no
configure:7257: checking for a working dd
configure:7295: result: /bin/dd
configure:7299: checking how to truncate binary pipes
configure:7314: result: /bin/dd bs=4096 count=1
configure:7450: gcc -c -g -O2  conftest.c >&5
configure:7453: $? = 0
configure:7643: checking for mt
configure:7659: found /bin/mt
configure:7670: result: mt
configure:7693: checking if mt is a manifest tool
configure:7699: mt '-?'
configure:7707: result: no
configure:8384: checking how to run the C preprocessor
configure:8415: gcc -E  conftest.c
configure:8415: $? = 0
configure:8429: gcc -E  conftest.c
conftest.c:11:28: fatal error: ac_nonexistent.h: No such file or directory
compilation terminated.
configure:8429: $? = 1
configure: failed program was:
| /* confdefs.h */
| #define PACKAGE_NAME "alien"
| #define PACKAGE_TARNAME "alien"
| #define PACKAGE_VERSION "0.7.1"
| #define PACKAGE_STRING "alien 0.7.1"
| #define PACKAGE_BUGREPORT "http://mascarenhas.github.com/alien"
| #define PACKAGE_URL ""
| #define PACKAGE "alien"
| #define VERSION "0.7.1"
| /* end confdefs.h.  */
| #include <ac_nonexistent.h>
configure:8454: result: gcc -E
configure:8474: gcc -E  conftest.c
configure:8474: $? = 0
configure:8488: gcc -E  conftest.c
conftest.c:11:28: fatal error: ac_nonexistent.h: No such file or directory
compilation terminated.
configure:8488: $? = 1
configure: failed program was:
| /* confdefs.h */
| #define PACKAGE_NAME "alien"
| #define PACKAGE_TARNAME "alien"
| #define PACKAGE_VERSION "0.7.1"
| #define PACKAGE_STRING "alien 0.7.1"
| #define PACKAGE_BUGREPORT "http://mascarenhas.github.com/alien"
| #define PACKAGE_URL ""
| #define PACKAGE "alien"
| #define VERSION "0.7.1"
| /* end confdefs.h.  */
| #include <ac_nonexistent.h>
configure:8517: checking for ANSI C header files
configure:8537: gcc -c -g -O2  conftest.c >&5
configure:8537: $? = 0
configure:8610: gcc -o conftest -g -O2   conftest.c  >&5
configure:8610: $? = 0
configure:8610: ./conftest
configure:8610: $? = 0
configure:8621: result: yes
configure:8634: checking for sys/types.h
configure:8634: gcc -c -g -O2  conftest.c >&5
configure:8634: $? = 0
configure:8634: result: yes
configure:8634: checking for sys/stat.h
configure:8634: gcc -c -g -O2  conftest.c >&5
configure:8634: $? = 0
configure:8634: result: yes
configure:8634: checking for stdlib.h
configure:8634: gcc -c -g -O2  conftest.c >&5
configure:8634: $? = 0
configure:8634: result: yes
configure:8634: checking for string.h
configure:8634: gcc -c -g -O2  conftest.c >&5
configure:8634: $? = 0
configure:8634: result: yes
configure:8634: checking for memory.h
configure:8634: gcc -c -g -O2  conftest.c >&5
configure:8634: $? = 0
configure:8634: result: yes
configure:8634: checking for strings.h
configure:8634: gcc -c -g -O2  conftest.c >&5
configure:8634: $? = 0
configure:8634: result: yes
configure:8634: checking for inttypes.h
configure:8634: gcc -c -g -O2  conftest.c >&5
configure:8634: $? = 0
configure:8634: result: yes
configure:8634: checking for stdint.h
configure:8634: gcc -c -g -O2  conftest.c >&5
configure:8634: $? = 0
configure:8634: result: yes
configure:8634: checking for unistd.h
configure:8634: gcc -c -g -O2  conftest.c >&5
configure:8634: $? = 0
configure:8634: result: yes
configure:8648: checking for dlfcn.h
configure:8648: gcc -c -g -O2  conftest.c >&5
configure:8648: $? = 0
configure:8648: result: yes
configure:8903: checking for objdir
configure:8918: result: .libs
configure:9182: checking if gcc supports -fno-rtti -fno-exceptions
configure:9200: gcc -c -g -O2  -fno-rtti -fno-exceptions conftest.c >&5
cc1: warning: command line option '-fno-rtti' is valid for C++/ObjC++ but not for C
configure:9204: $? = 0
configure:9217: result: no
configure:9575: checking for gcc option to produce PIC
configure:9582: result: -fPIC -DPIC
configure:9590: checking if gcc PIC flag -fPIC -DPIC works
configure:9608: gcc -c -g -O2  -fPIC -DPIC -DPIC conftest.c >&5
configure:9612: $? = 0
configure:9625: result: yes
configure:9654: checking if gcc static flag -static works
configure:9682: result: yes
configure:9697: checking if gcc supports -c -o file.o
configure:9718: gcc -c -g -O2  -o out/conftest2.o conftest.c >&5
configure:9722: $? = 0
configure:9744: result: yes
configure:9752: checking if gcc supports -c -o file.o
configure:9799: result: yes
configure:9832: checking whether the gcc linker (/usr/bin/ld -m elf_x86_64) supports shared libraries
configure:11091: result: yes
configure:11128: checking whether -lc should be explicitly linked in
configure:11136: gcc -c -g -O2  conftest.c >&5
configure:11139: $? = 0
configure:11154: gcc -shared  -fPIC -DPIC conftest.o  -v -Wl,-soname -Wl,conftest -o conftest 2\>\&1 \| /bin/grep  -lc  \>/dev/null 2\>\&1
configure:11157: $? = 0
configure:11171: result: no
configure:11331: checking dynamic linker characteristics
configure:11912: gcc -o conftest -g -O2   -Wl,-rpath -Wl,/foo conftest.c  >&5
configure:11912: $? = 0
configure:12149: result: GNU/Linux ld.so
configure:12271: checking how to hardcode library paths into programs
configure:12296: result: immediate
configure:12844: checking whether stripping libraries is possible
configure:12849: result: yes
configure:12884: checking if libtool supports shared libraries
configure:12886: result: yes
configure:12889: checking whether to build shared libraries
configure:12914: result: yes
configure:12917: checking whether to build static libraries
configure:12921: result: no
configure:12963: checking for ANSI C header files
configure:13067: result: yes
configure:13076: checking for size_t
configure:13076: gcc -c -g -O2  conftest.c >&5
configure:13076: $? = 0
configure:13076: gcc -c -g -O2  conftest.c >&5
conftest.c: In function 'main':
conftest.c:60:21: error: expected expression before ')' token
 if (sizeof ((size_t)))
                     ^
configure:13076: $? = 1
configure: failed program was:
| /* confdefs.h */
| #define PACKAGE_NAME "alien"
| #define PACKAGE_TARNAME "alien"
| #define PACKAGE_VERSION "0.7.1"
| #define PACKAGE_STRING "alien 0.7.1"
| #define PACKAGE_BUGREPORT "http://mascarenhas.github.com/alien"
| #define PACKAGE_URL ""
| #define PACKAGE "alien"
| #define VERSION "0.7.1"
| #define STDC_HEADERS 1
| #define HAVE_SYS_TYPES_H 1
| #define HAVE_SYS_STAT_H 1
| #define HAVE_STDLIB_H 1
| #define HAVE_STRING_H 1
| #define HAVE_MEMORY_H 1
| #define HAVE_STRINGS_H 1
| #define HAVE_INTTYPES_H 1
| #define HAVE_STDINT_H 1
| #define HAVE_UNISTD_H 1
| #define HAVE_DLFCN_H 1
| #define LT_OBJDIR ".libs/"
| #define STDC_HEADERS 1
| /* end confdefs.h.  */
| #include <stdio.h>
| #ifdef HAVE_SYS_TYPES_H
| # include <sys/types.h>
| #endif
| #ifdef HAVE_SYS_STAT_H
| # include <sys/stat.h>
| #endif
| #ifdef STDC_HEADERS
| # include <stdlib.h>
| # include <stddef.h>
| #else
| # ifdef HAVE_STDLIB_H
| #  include <stdlib.h>
| # endif
| #endif
| #ifdef HAVE_STRING_H
| # if !defined STDC_HEADERS && defined HAVE_MEMORY_H
| #  include <memory.h>
| # endif
| # include <string.h>
| #endif
| #ifdef HAVE_STRINGS_H
| # include <strings.h>
| #endif
| #ifdef HAVE_INTTYPES_H
| # include <inttypes.h>
| #endif
| #ifdef HAVE_STDINT_H
| # include <stdint.h>
| #endif
| #ifdef HAVE_UNISTD_H
| # include <unistd.h>
| #endif
| int
| main ()
| {
| if (sizeof ((size_t)))
| 	    return 0;
|   ;
|   return 0;
| }
configure:13076: result: yes
configure:13089: checking for working alloca.h
configure:13106: gcc -o conftest -g -O2   conftest.c  >&5
configure:13106: $? = 0
configure:13114: result: yes
configure:13122: checking for alloca
configure:13159: gcc -o conftest -g -O2   conftest.c  >&5
configure:13159: $? = 0
configure:13167: result: yes
configure:13277: checking ffi.h usability
configure:13277: gcc -c -g -O2  conftest.c >&5
conftest.c:59:17: fatal error: ffi.h: No such file or directory
compilation terminated.
configure:13277: $? = 1
configure: failed program was:
| /* confdefs.h */
| #define PACKAGE_NAME "alien"
| #define PACKAGE_TARNAME "alien"
| #define PACKAGE_VERSION "0.7.1"
| #define PACKAGE_STRING "alien 0.7.1"
| #define PACKAGE_BUGREPORT "http://mascarenhas.github.com/alien"
| #define PACKAGE_URL ""
| #define PACKAGE "alien"
| #define VERSION "0.7.1"
| #define STDC_HEADERS 1
| #define HAVE_SYS_TYPES_H 1
| #define HAVE_SYS_STAT_H 1
| #define HAVE_STDLIB_H 1
| #define HAVE_STRING_H 1
| #define HAVE_MEMORY_H 1
| #define HAVE_STRINGS_H 1
| #define HAVE_INTTYPES_H 1
| #define HAVE_STDINT_H 1
| #define HAVE_UNISTD_H 1
| #define HAVE_DLFCN_H 1
| #define LT_OBJDIR ".libs/"
| #define STDC_HEADERS 1
| #define HAVE_ALLOCA_H 1
| #define HAVE_ALLOCA 1
| /* end confdefs.h.  */
| #include <stdio.h>
| #ifdef HAVE_SYS_TYPES_H
| # include <sys/types.h>
| #endif
| #ifdef HAVE_SYS_STAT_H
| # include <sys/stat.h>
| #endif
| #ifdef STDC_HEADERS
| # include <stdlib.h>
| # include <stddef.h>
| #else
| # ifdef HAVE_STDLIB_H
| #  include <stdlib.h>
| # endif
| #endif
| #ifdef HAVE_STRING_H
| # if !defined STDC_HEADERS && defined HAVE_MEMORY_H
| #  include <memory.h>
| # endif
| # include <string.h>
| #endif
| #ifdef HAVE_STRINGS_H
| # include <strings.h>
| #endif
| #ifdef HAVE_INTTYPES_H
| # include <inttypes.h>
| #endif
| #ifdef HAVE_STDINT_H
| # include <stdint.h>
| #endif
| #ifdef HAVE_UNISTD_H
| # include <unistd.h>
| #endif
| #include <ffi.h>
configure:13277: result: no
configure:13277: checking ffi.h presence
configure:13277: gcc -E  conftest.c
conftest.c:26:17: fatal error: ffi.h: No such file or directory
compilation terminated.
configure:13277: $? = 1
configure: failed program was:
| /* confdefs.h */
| #define PACKAGE_NAME "alien"
| #define PACKAGE_TARNAME "alien"
| #define PACKAGE_VERSION "0.7.1"
| #define PACKAGE_STRING "alien 0.7.1"
| #define PACKAGE_BUGREPORT "http://mascarenhas.github.com/alien"
| #define PACKAGE_URL ""
| #define PACKAGE "alien"
| #define VERSION "0.7.1"
| #define STDC_HEADERS 1
| #define HAVE_SYS_TYPES_H 1
| #define HAVE_SYS_STAT_H 1
| #define HAVE_STDLIB_H 1
| #define HAVE_STRING_H 1
| #define HAVE_MEMORY_H 1
| #define HAVE_STRINGS_H 1
| #define HAVE_INTTYPES_H 1
| #define HAVE_STDINT_H 1
| #define HAVE_UNISTD_H 1
| #define HAVE_DLFCN_H 1
| #define LT_OBJDIR ".libs/"
| #define STDC_HEADERS 1
| #define HAVE_ALLOCA_H 1
| #define HAVE_ALLOCA 1
| /* end confdefs.h.  */
| #include <ffi.h>
configure:13277: result: no
configure:13277: checking for ffi.h
configure:13277: result: no
configure:13277: checking ffi/ffi.h usability
configure:13277: gcc -c -g -O2  conftest.c >&5
conftest.c:59:21: fatal error: ffi/ffi.h: No such file or directory
compilation terminated.
configure:13277: $? = 1
configure: failed program was:
| /* confdefs.h */
| #define PACKAGE_NAME "alien"
| #define PACKAGE_TARNAME "alien"
| #define PACKAGE_VERSION "0.7.1"
| #define PACKAGE_STRING "alien 0.7.1"
| #define PACKAGE_BUGREPORT "http://mascarenhas.github.com/alien"
| #define PACKAGE_URL ""
| #define PACKAGE "alien"
| #define VERSION "0.7.1"
| #define STDC_HEADERS 1
| #define HAVE_SYS_TYPES_H 1
| #define HAVE_SYS_STAT_H 1
| #define HAVE_STDLIB_H 1
| #define HAVE_STRING_H 1
| #define HAVE_MEMORY_H 1
| #define HAVE_STRINGS_H 1
| #define HAVE_INTTYPES_H 1
| #define HAVE_STDINT_H 1
| #define HAVE_UNISTD_H 1
| #define HAVE_DLFCN_H 1
| #define LT_OBJDIR ".libs/"
| #define STDC_HEADERS 1
| #define HAVE_ALLOCA_H 1
| #define HAVE_ALLOCA 1
| /* end confdefs.h.  */
| #include <stdio.h>
| #ifdef HAVE_SYS_TYPES_H
| # include <sys/types.h>
| #endif
| #ifdef HAVE_SYS_STAT_H
| # include <sys/stat.h>
| #endif
| #ifdef STDC_HEADERS
| # include <stdlib.h>
| # include <stddef.h>
| #else
| # ifdef HAVE_STDLIB_H
| #  include <stdlib.h>
| # endif
| #endif
| #ifdef HAVE_STRING_H
| # if !defined STDC_HEADERS && defined HAVE_MEMORY_H
| #  include <memory.h>
| # endif
| # include <string.h>
| #endif
| #ifdef HAVE_STRINGS_H
| # include <strings.h>
| #endif
| #ifdef HAVE_INTTYPES_H
| # include <inttypes.h>
| #endif
| #ifdef HAVE_STDINT_H
| # include <stdint.h>
| #endif
| #ifdef HAVE_UNISTD_H
| # include <unistd.h>
| #endif
| #include <ffi/ffi.h>
configure:13277: result: no
configure:13277: checking ffi/ffi.h presence
configure:13277: gcc -E  conftest.c
conftest.c:26:21: fatal error: ffi/ffi.h: No such file or directory
compilation terminated.
configure:13277: $? = 1
configure: failed program was:
| /* confdefs.h */
| #define PACKAGE_NAME "alien"
| #define PACKAGE_TARNAME "alien"
| #define PACKAGE_VERSION "0.7.1"
| #define PACKAGE_STRING "alien 0.7.1"
| #define PACKAGE_BUGREPORT "http://mascarenhas.github.com/alien"
| #define PACKAGE_URL ""
| #define PACKAGE "alien"
| #define VERSION "0.7.1"
| #define STDC_HEADERS 1
| #define HAVE_SYS_TYPES_H 1
| #define HAVE_SYS_STAT_H 1
| #define HAVE_STDLIB_H 1
| #define HAVE_STRING_H 1
| #define HAVE_MEMORY_H 1
| #define HAVE_STRINGS_H 1
| #define HAVE_INTTYPES_H 1
| #define HAVE_STDINT_H 1
| #define HAVE_UNISTD_H 1
| #define HAVE_DLFCN_H 1
| #define LT_OBJDIR ".libs/"
| #define STDC_HEADERS 1
| #define HAVE_ALLOCA_H 1
| #define HAVE_ALLOCA 1
| /* end confdefs.h.  */
| #include <ffi/ffi.h>
configure:13277: result: no
configure:13277: checking for ffi/ffi.h
configure:13277: result: no
configure:13289: error: in `/home/fengyz/alien-master':
configure:13291: error: cannot find ffi.h
See `config.log' for more details

## ---------------- ##
## Cache variables. ##
## ---------------- ##

ac_cv_build=x86_64-pc-linux-gnu
ac_cv_c_compiler_gnu=yes
ac_cv_env_CC_set=
ac_cv_env_CC_value=
ac_cv_env_CFLAGS_set=
ac_cv_env_CFLAGS_value=
ac_cv_env_CPPFLAGS_set=
ac_cv_env_CPPFLAGS_value=
ac_cv_env_CPP_set=
ac_cv_env_CPP_value=
ac_cv_env_LDFLAGS_set=
ac_cv_env_LDFLAGS_value=
ac_cv_env_LIBS_set=
ac_cv_env_LIBS_value=
ac_cv_env_LT_SYS_LIBRARY_PATH_set=
ac_cv_env_LT_SYS_LIBRARY_PATH_value=
ac_cv_env_LUA_INCLUDE_set=
ac_cv_env_LUA_INCLUDE_value=
ac_cv_env_LUA_set=
ac_cv_env_LUA_value=
ac_cv_env_build_alias_set=
ac_cv_env_build_alias_value=
ac_cv_env_host_alias_set=
ac_cv_env_host_alias_value=
ac_cv_env_target_alias_set=
ac_cv_env_target_alias_value=
ac_cv_func_alloca_works=yes
ac_cv_header_dlfcn_h=yes
ac_cv_header_ffi_ffi_h=no
ac_cv_header_ffi_h=no
ac_cv_header_inttypes_h=yes
ac_cv_header_memory_h=yes
ac_cv_header_stdc=yes
ac_cv_header_stdint_h=yes
ac_cv_header_stdlib_h=yes
ac_cv_header_string_h=yes
ac_cv_header_strings_h=yes
ac_cv_header_sys_stat_h=yes
ac_cv_header_sys_types_h=yes
ac_cv_header_unistd_h=yes
ac_cv_host=x86_64-pc-linux-gnu
ac_cv_objext=o
ac_cv_path_EGREP='/bin/grep -E'
ac_cv_path_FGREP='/bin/grep -F'
ac_cv_path_GREP=/bin/grep
ac_cv_path_SED=/bin/sed
ac_cv_path_install='/usr/bin/install -c'
ac_cv_path_lt_DD=/bin/dd
ac_cv_path_mkdir=/bin/mkdir
ac_cv_prog_AWK=gawk
ac_cv_prog_CPP='gcc -E'
ac_cv_prog_ac_ct_AR=ar
ac_cv_prog_ac_ct_CC=gcc
ac_cv_prog_ac_ct_MANIFEST_TOOL=mt
ac_cv_prog_ac_ct_OBJDUMP=objdump
ac_cv_prog_ac_ct_RANLIB=ranlib
ac_cv_prog_ac_ct_STRIP=strip
ac_cv_prog_cc_c89=
ac_cv_prog_cc_g=yes
ac_cv_prog_make_make_set=yes
ac_cv_type_size_t=yes
ac_cv_working_alloca_h=yes
am_cv_CC_dependencies_compiler_type=gcc3
am_cv_ar_interface=ar
am_cv_make_support_nested_variables=yes
am_cv_prog_cc_c_o=yes
lt_cv_ar_at_file=@
lt_cv_archive_cmds_need_lc=no
lt_cv_deplibs_check_method=pass_all
lt_cv_file_magic_cmd='$MAGIC_CMD'
lt_cv_file_magic_test_file=
lt_cv_ld_reload_flag=-r
lt_cv_nm_interface='BSD nm'
lt_cv_objdir=.libs
lt_cv_path_LD=/usr/bin/ld
lt_cv_path_NM='/usr/bin/nm -B'
lt_cv_path_mainfest_tool=no
lt_cv_prog_compiler_c_o=yes
lt_cv_prog_compiler_pic='-fPIC -DPIC'
lt_cv_prog_compiler_pic_works=yes
lt_cv_prog_compiler_rtti_exceptions=no
lt_cv_prog_compiler_static_works=yes
lt_cv_prog_gnu_ld=yes
lt_cv_sharedlib_from_linklib_cmd='printf %s\n'
lt_cv_shlibpath_overrides_runpath=no
lt_cv_sys_global_symbol_pipe='sed -n -e '\''s/^.*[	 ]\([ABCDGIRSTW][ABCDGIRSTW]*\)[	 ][	 ]*\([_A-Za-z][_A-Za-z0-9]*\)$/\1 \2 \2/p'\'' | sed '\''/ __gnu_lto/d'\'''
lt_cv_sys_global_symbol_to_c_name_address='sed -n -e '\''s/^: \(.*\) .*$/  {"\1", (void *) 0},/p'\'' -e '\''s/^[ABCDGIRSTW][ABCDGIRSTW]* .* \(.*\)$/  {"\1", (void *) \&\1},/p'\'''
lt_cv_sys_global_symbol_to_c_name_address_lib_prefix='sed -n -e '\''s/^: \(.*\) .*$/  {"\1", (void *) 0},/p'\'' -e '\''s/^[ABCDGIRSTW][ABCDGIRSTW]* .* \(lib.*\)$/  {"\1", (void *) \&\1},/p'\'' -e '\''s/^[ABCDGIRSTW][ABCDGIRSTW]* .* \(.*\)$/  {"lib\1", (void *) \&\1},/p'\'''
lt_cv_sys_global_symbol_to_cdecl='sed -n -e '\''s/^T .* \(.*\)$/extern int \1();/p'\'' -e '\''s/^[ABCDGIRSTW][ABCDGIRSTW]* .* \(.*\)$/extern char \1;/p'\'''
lt_cv_sys_global_symbol_to_import=
lt_cv_sys_max_cmd_len=1572864
lt_cv_to_host_file_cmd=func_convert_file_noop
lt_cv_to_tool_file_cmd=func_convert_file_noop
lt_cv_truncate_bin='/bin/dd bs=4096 count=1'

## ----------------- ##
## Output variables. ##
## ----------------- ##

ACLOCAL='${SHELL} /home/fengyz/alien-master/build-aux/missing aclocal-1.15'
ALLOCA=''
AMDEPBACKSLASH='\'
AMDEP_FALSE='#'
AMDEP_TRUE=''
AMTAR='$${TAR-tar}'
AM_BACKSLASH='\'
AM_DEFAULT_V='$(AM_DEFAULT_VERBOSITY)'
AM_DEFAULT_VERBOSITY='0'
AM_V='$(V)'
AR='ar'
AUTOCONF='${SHELL} /home/fengyz/alien-master/build-aux/missing autoconf'
AUTOHEADER='${SHELL} /home/fengyz/alien-master/build-aux/missing autoheader'
AUTOMAKE='${SHELL} /home/fengyz/alien-master/build-aux/missing automake-1.15'
AWK='gawk'
CC='gcc'
CCDEPMODE='depmode=gcc3'
CFLAGS='-g -O2'
CFLAGS_STACK='-fno-stack-protector -Wall'
CPP='gcc -E'
CPPFLAGS=''
CYGPATH_W='echo'
DEFS=''
DEPDIR='.deps'
DLLTOOL='false'
DSYMUTIL=''
DUMPBIN=''
ECHO_C=''
ECHO_N='-n'
ECHO_T=''
EGREP='/bin/grep -E'
EXEEXT=''
FGREP='/bin/grep -F'
GREP='/bin/grep'
INSTALL_DATA='${INSTALL} -m 644'
INSTALL_PROGRAM='${INSTALL}'
INSTALL_SCRIPT='${INSTALL}'
INSTALL_STRIP_PROGRAM='$(install_sh) -c -s'
LD='/usr/bin/ld -m elf_x86_64'
LDFLAGS=''
LIBOBJS=''
LIBS=''
LIBTOOL='$(SHELL) $(top_builddir)/libtool'
LIBTOOL_DEPS='build-aux/ltmain.sh'
LIPO=''
LN_S='ln -s'
LTLIBOBJS=''
LT_SYS_LIBRARY_PATH=''
LUA=''
LUA_EXEC_PREFIX=''
LUA_INCLUDE=''
LUA_PLATFORM=''
LUA_PREFIX=''
LUA_SHORT_VERSION=''
LUA_VERSION=''
MAKEINFO='${SHELL} /home/fengyz/alien-master/build-aux/missing makeinfo'
MANIFEST_TOOL=':'
MKDIR_P='/bin/mkdir -p'
NM='/usr/bin/nm -B'
NMEDIT=''
OBJDUMP='objdump'
OBJEXT='o'
OTOOL64=''
OTOOL=''
PACKAGE='alien'
PACKAGE_BUGREPORT='http://mascarenhas.github.com/alien'
PACKAGE_NAME='alien'
PACKAGE_STRING='alien 0.7.1'
PACKAGE_TARNAME='alien'
PACKAGE_URL=''
PACKAGE_VERSION='0.7.1'
PATH_SEPARATOR=':'
RANLIB='ranlib'
SED='/bin/sed'
SET_MAKE=''
SHELL='/bin/sh'
STRIP='strip'
VERSION='0.7.1'
ac_ct_AR='ar'
ac_ct_CC='gcc'
ac_ct_DUMPBIN=''
am__EXEEXT_FALSE=''
am__EXEEXT_TRUE=''
am__fastdepCC_FALSE='#'
am__fastdepCC_TRUE=''
am__include='include'
am__isrc=''
am__leading_dot='.'
am__nodep='_no'
am__quote=''
am__tar='$${TAR-tar} chof - "$$tardir"'
am__untar='$${TAR-tar} xf -'
bindir='${exec_prefix}/bin'
build='x86_64-pc-linux-gnu'
build_alias=''
build_cpu='x86_64'
build_os='linux-gnu'
build_vendor='pc'
datadir='${datarootdir}'
datarootdir='${prefix}/share'
docdir='${datarootdir}/doc/${PACKAGE_TARNAME}'
dvidir='${docdir}'
exec_prefix='NONE'
host='x86_64-pc-linux-gnu'
host_alias=''
host_cpu='x86_64'
host_os='linux-gnu'
host_vendor='pc'
htmldir='${docdir}'
includedir='${prefix}/include'
infodir='${datarootdir}/info'
install_sh='${SHELL} /home/fengyz/alien-master/build-aux/install-sh'
libdir='${exec_prefix}/lib'
libexecdir='${exec_prefix}/libexec'
localedir='${datarootdir}/locale'
localstatedir='${prefix}/var'
luadir=''
luaexecdir=''
mandir='${datarootdir}/man'
mkdir_p='$(MKDIR_P)'
objdir='.libs'
oldincludedir='/usr/include'
pdfdir='${docdir}'
pkgluadir=''
pkgluaexecdir=''
prefix='NONE'
program_transform_name='s,x,x,'
psdir='${docdir}'
runstatedir='${localstatedir}/run'
sbindir='${exec_prefix}/sbin'
sharedstatedir='${prefix}/com'
shrext='.so'
sysconfdir='${prefix}/etc'
target_alias=''

## ----------- ##
## confdefs.h. ##
## ----------- ##

/* confdefs.h */
#define PACKAGE_NAME "alien"
#define PACKAGE_TARNAME "alien"
#define PACKAGE_VERSION "0.7.1"
#define PACKAGE_STRING "alien 0.7.1"
#define PACKAGE_BUGREPORT "http://mascarenhas.github.com/alien"
#define PACKAGE_URL ""
#define PACKAGE "alien"
#define VERSION "0.7.1"
#define STDC_HEADERS 1
#define HAVE_SYS_TYPES_H 1
#define HAVE_SYS_STAT_H 1
#define HAVE_STDLIB_H 1
#define HAVE_STRING_H 1
#define HAVE_MEMORY_H 1
#define HAVE_STRINGS_H 1
#define HAVE_INTTYPES_H 1
#define HAVE_STDINT_H 1
#define HAVE_UNISTD_H 1
#define HAVE_DLFCN_H 1
#define LT_OBJDIR ".libs/"
#define STDC_HEADERS 1
#define HAVE_ALLOCA_H 1
#define HAVE_ALLOCA 1

configure: exit 1
