This file contains any messages produced by compilers while
running configure, to aid debugging if configure makes a mistake.

It was created by configure, which was
generated by GNU Autoconf 2.61.  Invocation command line was

  $ ./configure --without-ssl --disable-nls --disable-rpath --disable-iri --disable-largefile --disable-ntlm --disable-digest --disable-opie --disable-debug CC=mips-linux-uclibc-gcc --host=mips-linux

## --------- ##
## Platform. ##
## --------- ##

hostname = dell-centos6
uname -m = i686
uname -r = 2.6.32-573.3.1.el6.i686
uname -s = Linux
uname -v = #1 SMP Thu Aug 13 19:58:36 UTC 2015

/usr/bin/uname -p = unknown
/bin/uname -X     = unknown

/bin/arch              = i686
/usr/bin/arch -k       = unknown
/usr/convex/getsysinfo = unknown
/usr/bin/hostinfo      = unknown
/bin/machine           = unknown
/usr/bin/oslevel       = unknown
/bin/universe          = unknown

PATH: /root/Desktop/bigap1/ar9334/build/../build/util
PATH: /root/Desktop/bigap1/ar9334/build/../build/gcc-4.3.3/build_mips/staging_dir/usr//bin
PATH: /root/Desktop/bigap1/ar9334/build/../linux
PATH: /root/Desktop/bigap1/ar9334/build/../build
PATH: /root/Desktop/bigap1/ar9334/build/../boot/redboot/ecos/tools/bin
PATH: `pwd`
PATH: /usr/lib/qt-3.3/bin
PATH: /usr/local/sbin
PATH: /usr/sbin
PATH: /sbin
PATH: /usr/local/bin
PATH: /usr/bin
PATH: /bin
PATH: /root/bin


## ----------- ##
## Core tests. ##
## ----------- ##

configure:1787: checking for a BSD-compatible install
configure:1843: result: /usr/bin/install -c
configure:1854: checking whether build environment is sane
configure:1897: result: yes
configure:1925: checking for a thread-safe mkdir -p
configure:1964: result: /bin/mkdir -p
configure:1977: checking for gawk
configure:1993: found /usr/bin/gawk
configure:2004: result: gawk
configure:2015: checking whether make sets $(MAKE)
configure:2036: result: yes
configure:2116: checking for mips-linux-strip
configure:2143: result: mips-linux-uclibc-strip
configure:2224: checking whether to enable maintainer-specific portions of Makefiles
configure:2233: result: no
configure:2258: checking for mips-linux-gcc
configure:2285: result: mips-linux-uclibc-gcc
configure:2563: checking for C compiler version
configure:2570: mips-linux-uclibc-gcc --version >&5
mips-linux-uclibc-gcc (GCC) 4.3.3
Copyright (C) 2008 Free Software Foundation, Inc.
This is free software; see the source for copying conditions.  There is NO
warranty; not even for MERCHANTABILITY or FITNESS FOR A PARTICULAR PURPOSE.

configure:2573: $? = 0
configure:2580: mips-linux-uclibc-gcc -v >&5
Using built-in specs.
Target: mips-linux-uclibc
Configured with: /root/Desktop/bigap1/ar9334/build/gcc-4.3.3/toolchain_build_mips/gcc-4.3.3/configure --prefix=/usr --build=i386-pc-linux-gnu --host=i386-pc-linux-gnu --target=mips-linux-uclibc --enable-languages=c --with-sysroot=/root/Desktop/bigap1/ar9334/build/gcc-4.3.3/build_mips/staging_dir --with-build-time-tools=/root/Desktop/bigap1/ar9334/build/gcc-4.3.3/build_mips/staging_dir/usr/mips-linux-uclibc/bin --disable-__cxa_atexit --enable-target-optspace --with-gnu-ld --disable-libssp --disable-tls --enable-shared --with-gmp=/root/Desktop/bigap1/ar9334/build/gcc-4.3.3/toolchain_build_mips/gmp --with-mpfr=/root/Desktop/bigap1/ar9334/build/gcc-4.3.3/toolchain_build_mips/mpfr --disable-nls --enable-threads --disable-multilib --disable-decimal-float --with-float=soft --with-abi=32 --with-tune=mips32r2
Thread model: posix
gcc version 4.3.3 (GCC) 
configure:2583: $? = 0
configure:2590: mips-linux-uclibc-gcc -V >&5
mips-linux-uclibc-gcc: '-V' option must have argument
configure:2593: $? = 1
configure:2616: checking for C compiler default output file name
configure:2643: mips-linux-uclibc-gcc    conftest.c  >&5
configure:2646: $? = 0
configure:2684: result: a.out
configure:2701: checking whether the C compiler works
configure:2711: ./a.out
./configure: line 2712: ./a.out: cannot execute binary file
configure:2714: $? = 126
configure:2731: result: yes
configure:2738: checking whether we are cross compiling
configure:2740: result: yes
configure:2743: checking for suffix of executables
configure:2750: mips-linux-uclibc-gcc -o conftest    conftest.c  >&5
configure:2753: $? = 0
configure:2777: result: 
configure:2783: checking for suffix of object files
configure:2809: mips-linux-uclibc-gcc -c   conftest.c >&5
configure:2812: $? = 0
configure:2835: result: o
configure:2839: checking whether we are using the GNU C compiler
configure:2868: mips-linux-uclibc-gcc -c   conftest.c >&5
configure:2874: $? = 0
configure:2891: result: yes
configure:2896: checking whether mips-linux-uclibc-gcc accepts -g
configure:2926: mips-linux-uclibc-gcc -c -g  conftest.c >&5
configure:2932: $? = 0
configure:3031: result: yes
configure:3048: checking for mips-linux-uclibc-gcc option to accept ISO C89
configure:3122: mips-linux-uclibc-gcc  -c -g -O2  conftest.c >&5
configure:3128: $? = 0
configure:3151: result: none needed
configure:3180: checking for style of include used by make
configure:3208: result: GNU
configure:3233: checking dependency style of mips-linux-uclibc-gcc
configure:3324: result: gcc3
configure:3344: checking how to run the C preprocessor
configure:3384: mips-linux-uclibc-gcc -E  conftest.c
configure:3390: $? = 0
configure:3421: mips-linux-uclibc-gcc -E  conftest.c
conftest.c:10:28: error: ac_nonexistent.h: No such file or directory
configure:3427: $? = 1
configure: failed program was:
| /* confdefs.h.  */
| #define PACKAGE_NAME ""
| #define PACKAGE_TARNAME ""
| #define PACKAGE_VERSION ""
| #define PACKAGE_STRING ""
| #define PACKAGE_BUGREPORT ""
| #define PACKAGE "ez-ipupdate"
| #define VERSION "3.0.11b8"
| /* end confdefs.h.  */
| #include <ac_nonexistent.h>
configure:3460: result: mips-linux-uclibc-gcc -E
configure:3489: mips-linux-uclibc-gcc -E  conftest.c
configure:3495: $? = 0
configure:3526: mips-linux-uclibc-gcc -E  conftest.c
conftest.c:10:28: error: ac_nonexistent.h: No such file or directory
configure:3532: $? = 1
configure: failed program was:
| /* confdefs.h.  */
| #define PACKAGE_NAME ""
| #define PACKAGE_TARNAME ""
| #define PACKAGE_VERSION ""
| #define PACKAGE_STRING ""
| #define PACKAGE_BUGREPORT ""
| #define PACKAGE "ez-ipupdate"
| #define VERSION "3.0.11b8"
| /* end confdefs.h.  */
| #include <ac_nonexistent.h>
configure:3582: checking for a BSD-compatible install
configure:3638: result: /usr/bin/install -c
configure:3651: checking return type of signal handlers
configure:3679: mips-linux-uclibc-gcc -c -g -O2  conftest.c >&5
conftest.c: In function 'main':
conftest.c:16: error: void value not ignored as it ought to be
configure:3685: $? = 1
configure: failed program was:
| /* confdefs.h.  */
| #define PACKAGE_NAME ""
| #define PACKAGE_TARNAME ""
| #define PACKAGE_VERSION ""
| #define PACKAGE_STRING ""
| #define PACKAGE_BUGREPORT ""
| #define PACKAGE "ez-ipupdate"
| #define VERSION "3.0.11b8"
| /* end confdefs.h.  */
| #include <sys/types.h>
| #include <signal.h>
| 
| int
| main ()
| {
| return *(signal (0, 0)) (0) == 1;
|   ;
|   return 0;
| }
configure:3700: result: void
configure:3710: checking for gethostbyname
configure:3766: mips-linux-uclibc-gcc -o conftest -g -O2   conftest.c  >&5
configure:3772: $? = 0
configure:3789: result: yes
configure:3865: checking for connect
configure:3921: mips-linux-uclibc-gcc -o conftest -g -O2   conftest.c  >&5
configure:3927: $? = 0
configure:3944: result: yes
configure:4081: checking for socket
configure:4137: mips-linux-uclibc-gcc -o conftest -g -O2   conftest.c  >&5
configure:4143: $? = 0
configure:4161: result: yes
configure:4081: checking for strdup
configure:4137: mips-linux-uclibc-gcc -o conftest -g -O2   conftest.c  >&5
conftest.c:35: warning: conflicting types for built-in function 'strdup'
configure:4143: $? = 0
configure:4161: result: yes
configure:4081: checking for getopt_long
configure:4137: mips-linux-uclibc-gcc -o conftest -g -O2   conftest.c  >&5
configure:4143: $? = 0
configure:4161: result: yes
configure:4081: checking for gethostbyaddr
configure:4137: mips-linux-uclibc-gcc -o conftest -g -O2   conftest.c  >&5
configure:4143: $? = 0
configure:4161: result: yes
configure:4081: checking for getservbyname
configure:4137: mips-linux-uclibc-gcc -o conftest -g -O2   conftest.c  >&5
configure:4143: $? = 0
configure:4161: result: yes
configure:4081: checking for inet_addr
configure:4137: mips-linux-uclibc-gcc -o conftest -g -O2   conftest.c  >&5
configure:4143: $? = 0
configure:4161: result: yes
configure:4081: checking for inet_ntoa
configure:4137: mips-linux-uclibc-gcc -o conftest -g -O2   conftest.c  >&5
configure:4143: $? = 0
configure:4161: result: yes
configure:4081: checking for snprintf
configure:4137: mips-linux-uclibc-gcc -o conftest -g -O2   conftest.c  >&5
conftest.c:41: warning: conflicting types for built-in function 'snprintf'
configure:4143: $? = 0
configure:4161: result: yes
configure:4081: checking for vfprintf
configure:4137: mips-linux-uclibc-gcc -o conftest -g -O2   conftest.c  >&5
conftest.c:42: warning: conflicting types for built-in function 'vfprintf'
configure:4143: $? = 0
configure:4161: result: yes
configure:4081: checking for stat
configure:4137: mips-linux-uclibc-gcc -o conftest -g -O2   conftest.c  >&5
configure:4143: $? = 0
configure:4161: result: yes
configure:4081: checking for vsprintf
configure:4137: mips-linux-uclibc-gcc -o conftest -g -O2   conftest.c  >&5
conftest.c:44: warning: conflicting types for built-in function 'vsprintf'
configure:4143: $? = 0
configure:4161: result: yes
configure:4081: checking for vsnprintf
configure:4137: mips-linux-uclibc-gcc -o conftest -g -O2   conftest.c  >&5
conftest.c:45: warning: conflicting types for built-in function 'vsnprintf'
configure:4143: $? = 0
configure:4161: result: yes
configure:4081: checking for strerror
configure:4137: mips-linux-uclibc-gcc -o conftest -g -O2   conftest.c  >&5
configure:4143: $? = 0
configure:4161: result: yes
configure:4081: checking for strftime
configure:4137: mips-linux-uclibc-gcc -o conftest -g -O2   conftest.c  >&5
conftest.c:47: warning: conflicting types for built-in function 'strftime'
configure:4143: $? = 0
configure:4161: result: yes
configure:4081: checking for wait
configure:4137: mips-linux-uclibc-gcc -o conftest -g -O2   conftest.c  >&5
configure:4143: $? = 0
configure:4161: result: yes
configure:4081: checking for waitpid
configure:4137: mips-linux-uclibc-gcc -o conftest -g -O2   conftest.c  >&5
configure:4143: $? = 0
configure:4161: result: yes
configure:4081: checking for getpid
configure:4137: mips-linux-uclibc-gcc -o conftest -g -O2   conftest.c  >&5
configure:4143: $? = 0
configure:4161: result: yes
configure:4081: checking for fork
configure:4137: mips-linux-uclibc-gcc -o conftest -g -O2   conftest.c  >&5
conftest.c:51: warning: conflicting types for built-in function 'fork'
configure:4143: $? = 0
configure:4161: result: yes
configure:4081: checking for vfork
configure:4137: mips-linux-uclibc-gcc -o conftest -g -O2   conftest.c  >&5
configure:4143: $? = 0
configure:4161: result: yes
configure:4081: checking for getuid
configure:4137: mips-linux-uclibc-gcc -o conftest -g -O2   conftest.c  >&5
configure:4143: $? = 0
configure:4161: result: yes
configure:4081: checking for geteuid
configure:4137: mips-linux-uclibc-gcc -o conftest -g -O2   conftest.c  >&5
configure:4143: $? = 0
configure:4161: result: yes
configure:4081: checking for setuid
configure:4137: mips-linux-uclibc-gcc -o conftest -g -O2   conftest.c  >&5
configure:4143: $? = 0
configure:4161: result: yes
configure:4081: checking for seteuid
configure:4137: mips-linux-uclibc-gcc -o conftest -g -O2   conftest.c  >&5
configure:4143: $? = 0
configure:4161: result: yes
configure:4081: checking for getgid
configure:4137: mips-linux-uclibc-gcc -o conftest -g -O2   conftest.c  >&5
configure:4143: $? = 0
configure:4161: result: yes
configure:4081: checking for getegid
configure:4137: mips-linux-uclibc-gcc -o conftest -g -O2   conftest.c  >&5
configure:4143: $? = 0
configure:4161: result: yes
configure:4081: checking for setgid
configure:4137: mips-linux-uclibc-gcc -o conftest -g -O2   conftest.c  >&5
configure:4143: $? = 0
configure:4161: result: yes
configure:4081: checking for setegid
configure:4137: mips-linux-uclibc-gcc -o conftest -g -O2   conftest.c  >&5
configure:4143: $? = 0
configure:4161: result: yes
configure:4081: checking for inet_aton
configure:4137: mips-linux-uclibc-gcc -o conftest -g -O2   conftest.c  >&5
configure:4143: $? = 0
configure:4161: result: yes
configure:4081: checking for herror
configure:4137: mips-linux-uclibc-gcc -o conftest -g -O2   conftest.c  >&5
configure:4143: $? = 0
configure:4161: result: yes
configure:4173: checking for grep that handles long lines and -e
configure:4247: result: /bin/grep
configure:4252: checking for egrep
configure:4330: result: /bin/grep -E
configure:4335: checking for ANSI C header files
configure:4365: mips-linux-uclibc-gcc -c -g -O2  conftest.c >&5
configure:4371: $? = 0
configure:4499: result: yes
configure:4523: checking for sys/types.h
configure:4544: mips-linux-uclibc-gcc -c -g -O2  conftest.c >&5
configure:4550: $? = 0
configure:4566: result: yes
configure:4523: checking for sys/stat.h
configure:4544: mips-linux-uclibc-gcc -c -g -O2  conftest.c >&5
configure:4550: $? = 0
configure:4566: result: yes
configure:4523: checking for stdlib.h
configure:4544: mips-linux-uclibc-gcc -c -g -O2  conftest.c >&5
configure:4550: $? = 0
configure:4566: result: yes
configure:4523: checking for string.h
configure:4544: mips-linux-uclibc-gcc -c -g -O2  conftest.c >&5
configure:4550: $? = 0
configure:4566: result: yes
configure:4523: checking for memory.h
configure:4544: mips-linux-uclibc-gcc -c -g -O2  conftest.c >&5
configure:4550: $? = 0
configure:4566: result: yes
configure:4523: checking for strings.h
configure:4544: mips-linux-uclibc-gcc -c -g -O2  conftest.c >&5
configure:4550: $? = 0
configure:4566: result: yes
configure:4523: checking for inttypes.h
configure:4544: mips-linux-uclibc-gcc -c -g -O2  conftest.c >&5
configure:4550: $? = 0
configure:4566: result: yes
configure:4523: checking for stdint.h
configure:4544: mips-linux-uclibc-gcc -c -g -O2  conftest.c >&5
configure:4550: $? = 0
configure:4566: result: yes
configure:4523: checking for unistd.h
configure:4544: mips-linux-uclibc-gcc -c -g -O2  conftest.c >&5
configure:4550: $? = 0
configure:4566: result: yes
configure:4623: checking arpa/inet.h usability
configure:4640: mips-linux-uclibc-gcc -c -g -O2  conftest.c >&5
configure:4646: $? = 0
configure:4660: result: yes
configure:4664: checking arpa/inet.h presence
configure:4679: mips-linux-uclibc-gcc -E  conftest.c
configure:4685: $? = 0
configure:4699: result: yes
configure:4727: checking for arpa/inet.h
configure:4735: result: yes
configure:4613: checking for sys/types.h
configure:4619: result: yes
configure:4623: checking time.h usability
configure:4640: mips-linux-uclibc-gcc -c -g -O2  conftest.c >&5
configure:4646: $? = 0
configure:4660: result: yes
configure:4664: checking time.h presence
configure:4679: mips-linux-uclibc-gcc -E  conftest.c
configure:4685: $? = 0
configure:4699: result: yes
configure:4727: checking for time.h
configure:4735: result: yes
configure:4623: checking sys/time.h usability
configure:4640: mips-linux-uclibc-gcc -c -g -O2  conftest.c >&5
configure:4646: $? = 0
configure:4660: result: yes
configure:4664: checking sys/time.h presence
configure:4679: mips-linux-uclibc-gcc -E  conftest.c
configure:4685: $? = 0
configure:4699: result: yes
configure:4727: checking for sys/time.h
configure:4735: result: yes
configure:4613: checking for sys/stat.h
configure:4619: result: yes
configure:4623: checking fcntl.h usability
configure:4640: mips-linux-uclibc-gcc -c -g -O2  conftest.c >&5
configure:4646: $? = 0
configure:4660: result: yes
configure:4664: checking fcntl.h presence
configure:4679: mips-linux-uclibc-gcc -E  conftest.c
configure:4685: $? = 0
configure:4699: result: yes
configure:4727: checking for fcntl.h
configure:4735: result: yes
configure:4623: checking signal.h usability
configure:4640: mips-linux-uclibc-gcc -c -g -O2  conftest.c >&5
configure:4646: $? = 0
configure:4660: result: yes
configure:4664: checking signal.h presence
configure:4679: mips-linux-uclibc-gcc -E  conftest.c
configure:4685: $? = 0
configure:4699: result: yes
configure:4727: checking for signal.h
configure:4735: result: yes
configure:4613: checking for string.h
configure:4619: result: yes
configure:4623: checking syslog.h usability
configure:4640: mips-linux-uclibc-gcc -c -g -O2  conftest.c >&5
configure:4646: $? = 0
configure:4660: result: yes
configure:4664: checking syslog.h presence
configure:4679: mips-linux-uclibc-gcc -E  conftest.c
configure:4685: $? = 0
configure:4699: result: yes
configure:4727: checking for syslog.h
configure:4735: result: yes
configure:4623: checking pwd.h usability
configure:4640: mips-linux-uclibc-gcc -c -g -O2  conftest.c >&5
configure:4646: $? = 0
configure:4660: result: yes
configure:4664: checking pwd.h presence
configure:4679: mips-linux-uclibc-gcc -E  conftest.c
configure:4685: $? = 0
configure:4699: result: yes
configure:4727: checking for pwd.h
configure:4735: result: yes
configure:4623: checking stdarg.h usability
configure:4640: mips-linux-uclibc-gcc -c -g -O2  conftest.c >&5
configure:4646: $? = 0
configure:4660: result: yes
configure:4664: checking stdarg.h presence
configure:4679: mips-linux-uclibc-gcc -E  conftest.c
configure:4685: $? = 0
configure:4699: result: yes
configure:4727: checking for stdarg.h
configure:4735: result: yes
configure:4623: checking grp.h usability
configure:4640: mips-linux-uclibc-gcc -c -g -O2  conftest.c >&5
configure:4646: $? = 0
configure:4660: result: yes
configure:4664: checking grp.h presence
configure:4679: mips-linux-uclibc-gcc -E  conftest.c
configure:4685: $? = 0
configure:4699: result: yes
configure:4727: checking for grp.h
configure:4735: result: yes
configure:4623: checking errno.h usability
configure:4640: mips-linux-uclibc-gcc -c -g -O2  conftest.c >&5
configure:4646: $? = 0
configure:4660: result: yes
configure:4664: checking errno.h presence
configure:4679: mips-linux-uclibc-gcc -E  conftest.c
configure:4685: $? = 0
configure:4699: result: yes
configure:4727: checking for errno.h
configure:4735: result: yes
configure:4623: checking sys/sockio.h usability
configure:4640: mips-linux-uclibc-gcc -c -g -O2  conftest.c >&5
conftest.c:96:24: error: sys/sockio.h: No such file or directory
configure:4646: $? = 1
configure: failed program was:
| /* confdefs.h.  */
| #define PACKAGE_NAME ""
| #define PACKAGE_TARNAME ""
| #define PACKAGE_VERSION ""
| #define PACKAGE_STRING ""
| #define PACKAGE_BUGREPORT ""
| #define PACKAGE "ez-ipupdate"
| #define VERSION "3.0.11b8"
| #define RETSIGTYPE void
| #define HAVE_SOCKET 1
| #define HAVE_STRDUP 1
| #define HAVE_GETOPT_LONG 1
| #define HAVE_GETHOSTBYADDR 1
| #define HAVE_GETSERVBYNAME 1
| #define HAVE_INET_ADDR 1
| #define HAVE_INET_NTOA 1
| #define HAVE_SNPRINTF 1
| #define HAVE_VFPRINTF 1
| #define HAVE_STAT 1
| #define HAVE_VSPRINTF 1
| #define HAVE_VSNPRINTF 1
| #define HAVE_STRERROR 1
| #define HAVE_STRFTIME 1
| #define HAVE_WAIT 1
| #define HAVE_WAITPID 1
| #define HAVE_GETPID 1
| #define HAVE_FORK 1
| #define HAVE_VFORK 1
| #define HAVE_GETUID 1
| #define HAVE_GETEUID 1
| #define HAVE_SETUID 1
| #define HAVE_SETEUID 1
| #define HAVE_GETGID 1
| #define HAVE_GETEGID 1
| #define HAVE_SETGID 1
| #define HAVE_SETEGID 1
| #define HAVE_INET_ATON 1
| #define HAVE_HERROR 1
| #define STDC_HEADERS 1
| #define HAVE_SYS_TYPES_H 1
| #define HAVE_SYS_STAT_H 1
| #define HAVE_STDLIB_H 1
| #define HAVE_STRING_H 1
| #define HAVE_MEMORY_H 1
| #define HAVE_STRINGS_H 1
| #define HAVE_INTTYPES_H 1
| #define HAVE_STDINT_H 1
| #define HAVE_UNISTD_H 1
| #define HAVE_ARPA_INET_H 1
| #define HAVE_SYS_TYPES_H 1
| #define HAVE_TIME_H 1
| #define HAVE_SYS_TIME_H 1
| #define HAVE_SYS_STAT_H 1
| #define HAVE_FCNTL_H 1
| #define HAVE_SIGNAL_H 1
| #define HAVE_STRING_H 1
| #define HAVE_SYSLOG_H 1
| #define HAVE_PWD_H 1
| #define HAVE_STDARG_H 1
| #define HAVE_GRP_H 1
| #define HAVE_ERRNO_H 1
| /* end confdefs.h.  */
| #include <stdio.h>
| #ifdef HAVE_SYS_TYPES_H
| # include <sys/types.h>
| #endif
| #ifdef HAVE_SYS_STAT_H
| # include <sys/stat.h>
| #endif
| #ifdef STDC_HEADERS
| # include <stdlib.h>
| # include <stddef.h>
| #else
| # ifdef HAVE_STDLIB_H
| #  include <stdlib.h>
| # endif
| #endif
| #ifdef HAVE_STRING_H
| # if !defined STDC_HEADERS && defined HAVE_MEMORY_H
| #  include <memory.h>
| # endif
| # include <string.h>
| #endif
| #ifdef HAVE_STRINGS_H
| # include <strings.h>
| #endif
| #ifdef HAVE_INTTYPES_H
| # include <inttypes.h>
| #endif
| #ifdef HAVE_STDINT_H
| # include <stdint.h>
| #endif
| #ifdef HAVE_UNISTD_H
| # include <unistd.h>
| #endif
| #include <sys/sockio.h>
configure:4660: result: no
configure:4664: checking sys/sockio.h presence
configure:4679: mips-linux-uclibc-gcc -E  conftest.c
conftest.c:63:24: error: sys/sockio.h: No such file or directory
configure:4685: $? = 1
configure: failed program was:
| /* confdefs.h.  */
| #define PACKAGE_NAME ""
| #define PACKAGE_TARNAME ""
| #define PACKAGE_VERSION ""
| #define PACKAGE_STRING ""
| #define PACKAGE_BUGREPORT ""
| #define PACKAGE "ez-ipupdate"
| #define VERSION "3.0.11b8"
| #define RETSIGTYPE void
| #define HAVE_SOCKET 1
| #define HAVE_STRDUP 1
| #define HAVE_GETOPT_LONG 1
| #define HAVE_GETHOSTBYADDR 1
| #define HAVE_GETSERVBYNAME 1
| #define HAVE_INET_ADDR 1
| #define HAVE_INET_NTOA 1
| #define HAVE_SNPRINTF 1
| #define HAVE_VFPRINTF 1
| #define HAVE_STAT 1
| #define HAVE_VSPRINTF 1
| #define HAVE_VSNPRINTF 1
| #define HAVE_STRERROR 1
| #define HAVE_STRFTIME 1
| #define HAVE_WAIT 1
| #define HAVE_WAITPID 1
| #define HAVE_GETPID 1
| #define HAVE_FORK 1
| #define HAVE_VFORK 1
| #define HAVE_GETUID 1
| #define HAVE_GETEUID 1
| #define HAVE_SETUID 1
| #define HAVE_SETEUID 1
| #define HAVE_GETGID 1
| #define HAVE_GETEGID 1
| #define HAVE_SETGID 1
| #define HAVE_SETEGID 1
| #define HAVE_INET_ATON 1
| #define HAVE_HERROR 1
| #define STDC_HEADERS 1
| #define HAVE_SYS_TYPES_H 1
| #define HAVE_SYS_STAT_H 1
| #define HAVE_STDLIB_H 1
| #define HAVE_STRING_H 1
| #define HAVE_MEMORY_H 1
| #define HAVE_STRINGS_H 1
| #define HAVE_INTTYPES_H 1
| #define HAVE_STDINT_H 1
| #define HAVE_UNISTD_H 1
| #define HAVE_ARPA_INET_H 1
| #define HAVE_SYS_TYPES_H 1
| #define HAVE_TIME_H 1
| #define HAVE_SYS_TIME_H 1
| #define HAVE_SYS_STAT_H 1
| #define HAVE_FCNTL_H 1
| #define HAVE_SIGNAL_H 1
| #define HAVE_STRING_H 1
| #define HAVE_SYSLOG_H 1
| #define HAVE_PWD_H 1
| #define HAVE_STDARG_H 1
| #define HAVE_GRP_H 1
| #define HAVE_ERRNO_H 1
| /* end confdefs.h.  */
| #include <sys/sockio.h>
configure:4699: result: no
configure:4727: checking for sys/sockio.h
configure:4735: result: no
configure:4623: checking sys/wait.h usability
configure:4640: mips-linux-uclibc-gcc -c -g -O2  conftest.c >&5
configure:4646: $? = 0
configure:4660: result: yes
configure:4664: checking sys/wait.h presence
configure:4679: mips-linux-uclibc-gcc -E  conftest.c
configure:4685: $? = 0
configure:4699: result: yes
configure:4727: checking for sys/wait.h
configure:4735: result: yes
configure:4623: checking getopt.h usability
configure:4640: mips-linux-uclibc-gcc -c -g -O2  conftest.c >&5
configure:4646: $? = 0
configure:4660: result: yes
configure:4664: checking getopt.h presence
configure:4679: mips-linux-uclibc-gcc -E  conftest.c
configure:4685: $? = 0
configure:4699: result: yes
configure:4727: checking for getopt.h
configure:4735: result: yes
configure:4760: checking for unistd.h
configure:4766: result: yes
configure:4770: checking netinet/in.h usability
configure:4787: mips-linux-uclibc-gcc -c -g -O2  conftest.c >&5
configure:4793: $? = 0
configure:4807: result: yes
configure:4811: checking netinet/in.h presence
configure:4826: mips-linux-uclibc-gcc -E  conftest.c
configure:4832: $? = 0
configure:4846: result: yes
configure:4874: checking for netinet/in.h
configure:4882: result: yes
configure:4770: checking netdb.h usability
configure:4787: mips-linux-uclibc-gcc -c -g -O2  conftest.c >&5
configure:4793: $? = 0
configure:4807: result: yes
configure:4811: checking netdb.h presence
configure:4826: mips-linux-uclibc-gcc -E  conftest.c
configure:4832: $? = 0
configure:4846: result: yes
configure:4874: checking for netdb.h
configure:4882: result: yes
configure:4770: checking sys/socket.h usability
configure:4787: mips-linux-uclibc-gcc -c -g -O2  conftest.c >&5
configure:4793: $? = 0
configure:4807: result: yes
configure:4811: checking sys/socket.h presence
configure:4826: mips-linux-uclibc-gcc -E  conftest.c
configure:4832: $? = 0
configure:4846: result: yes
configure:4874: checking for sys/socket.h
configure:4882: result: yes
configure:4900: checking for sys_errlist in -lc
configure:4935: mips-linux-uclibc-gcc -o conftest -g -O2   conftest.c -lc   >&5
/tmp/cc28ygNP.o: In function `main':
/root/Desktop/bigap1/cpe/ez-ipupdate-3.0.11b8/conftest.c:80: undefined reference to `sys_errlist'
collect2: ld returned 1 exit status
configure:4941: $? = 1
configure: failed program was:
| /* confdefs.h.  */
| #define PACKAGE_NAME ""
| #define PACKAGE_TARNAME ""
| #define PACKAGE_VERSION ""
| #define PACKAGE_STRING ""
| #define PACKAGE_BUGREPORT ""
| #define PACKAGE "ez-ipupdate"
| #define VERSION "3.0.11b8"
| #define RETSIGTYPE void
| #define HAVE_SOCKET 1
| #define HAVE_STRDUP 1
| #define HAVE_GETOPT_LONG 1
| #define HAVE_GETHOSTBYADDR 1
| #define HAVE_GETSERVBYNAME 1
| #define HAVE_INET_ADDR 1
| #define HAVE_INET_NTOA 1
| #define HAVE_SNPRINTF 1
| #define HAVE_VFPRINTF 1
| #define HAVE_STAT 1
| #define HAVE_VSPRINTF 1
| #define HAVE_VSNPRINTF 1
| #define HAVE_STRERROR 1
| #define HAVE_STRFTIME 1
| #define HAVE_WAIT 1
| #define HAVE_WAITPID 1
| #define HAVE_GETPID 1
| #define HAVE_FORK 1
| #define HAVE_VFORK 1
| #define HAVE_GETUID 1
| #define HAVE_GETEUID 1
| #define HAVE_SETUID 1
| #define HAVE_SETEUID 1
| #define HAVE_GETGID 1
| #define HAVE_GETEGID 1
| #define HAVE_SETGID 1
| #define HAVE_SETEGID 1
| #define HAVE_INET_ATON 1
| #define HAVE_HERROR 1
| #define STDC_HEADERS 1
| #define HAVE_SYS_TYPES_H 1
| #define HAVE_SYS_STAT_H 1
| #define HAVE_STDLIB_H 1
| #define HAVE_STRING_H 1
| #define HAVE_MEMORY_H 1
| #define HAVE_STRINGS_H 1
| #define HAVE_INTTYPES_H 1
| #define HAVE_STDINT_H 1
| #define HAVE_UNISTD_H 1
| #define HAVE_ARPA_INET_H 1
| #define HAVE_SYS_TYPES_H 1
| #define HAVE_TIME_H 1
| #define HAVE_SYS_TIME_H 1
| #define HAVE_SYS_STAT_H 1
| #define HAVE_FCNTL_H 1
| #define HAVE_SIGNAL_H 1
| #define HAVE_STRING_H 1
| #define HAVE_SYSLOG_H 1
| #define HAVE_PWD_H 1
| #define HAVE_STDARG_H 1
| #define HAVE_GRP_H 1
| #define HAVE_ERRNO_H 1
| #define HAVE_SYS_WAIT_H 1
| #define HAVE_GETOPT_H 1
| #define HAVE_UNISTD_H 1
| #define HAVE_NETINET_IN_H 1
| #define HAVE_NETDB_H 1
| #define HAVE_SYS_SOCKET_H 1
| /* end confdefs.h.  */
| 
| /* Override any GCC internal prototype to avoid an error.
|    Use char because int might match the return type of a GCC
|    builtin and then its argument prototype would still apply.  */
| #ifdef __cplusplus
| extern "C"
| #endif
| char sys_errlist ();
| int
| main ()
| {
| return sys_errlist ();
|   ;
|   return 0;
| }
configure:4959: result: no
configure:4973: checking for getopt
configure:5029: mips-linux-uclibc-gcc -o conftest -g -O2   conftest.c  >&5
configure:5035: $? = 0
configure:5053: result: yes
configure:5069: checking for getpass
configure:5125: mips-linux-uclibc-gcc -o conftest -g -O2   conftest.c  >&5
configure:5131: $? = 0
configure:5148: result: yes
configure:5172: checking build system type
configure:5190: result: i686-pc-linux-gnu
configure:5212: checking host system type
configure:5227: result: mips-unknown-linux-gnu
configure:5254: checking for user supplied default service
configure:5262: result: no
configure:5265: WARNING: not setting default service
configure:5352: checking whether user wants debugging support
configure:5360: result: yes
configure:5368: checking whether user wants to dissable MD5 support
configure:5379: result: no
configure:5514: creating ./config.status

## ---------------------- ##
## Running config.status. ##
## ---------------------- ##

This file was extended by config.status, which was
generated by GNU Autoconf 2.61.  Invocation command line was

  CONFIG_FILES    = 
  CONFIG_HEADERS  = 
  CONFIG_LINKS    = 
  CONFIG_COMMANDS = 
  $ ./config.status 

on dell-centos6

config.status:648: creating Makefile
config.status:648: creating config.h
config.status:937: config.h is unchanged
config.status:983: executing depfiles commands

## ---------------- ##
## Cache variables. ##
## ---------------- ##

ac_cv_build=i686-pc-linux-gnu
ac_cv_c_compiler_gnu=yes
ac_cv_env_CC_set=set
ac_cv_env_CC_value=mips-linux-uclibc-gcc
ac_cv_env_CFLAGS_set=
ac_cv_env_CFLAGS_value=
ac_cv_env_CPPFLAGS_set=
ac_cv_env_CPPFLAGS_value=
ac_cv_env_CPP_set=
ac_cv_env_CPP_value=
ac_cv_env_LDFLAGS_set=
ac_cv_env_LDFLAGS_value=
ac_cv_env_LIBS_set=
ac_cv_env_LIBS_value=
ac_cv_env_build_alias_set=
ac_cv_env_build_alias_value=
ac_cv_env_host_alias_set=set
ac_cv_env_host_alias_value=mips-linux
ac_cv_env_target_alias_set=
ac_cv_env_target_alias_value=
ac_cv_func_connect=yes
ac_cv_func_fork=yes
ac_cv_func_getegid=yes
ac_cv_func_geteuid=yes
ac_cv_func_getgid=yes
ac_cv_func_gethostbyaddr=yes
ac_cv_func_gethostbyname=yes
ac_cv_func_getopt=yes
ac_cv_func_getopt_long=yes
ac_cv_func_getpass=yes
ac_cv_func_getpid=yes
ac_cv_func_getservbyname=yes
ac_cv_func_getuid=yes
ac_cv_func_herror=yes
ac_cv_func_inet_addr=yes
ac_cv_func_inet_aton=yes
ac_cv_func_inet_ntoa=yes
ac_cv_func_setegid=yes
ac_cv_func_seteuid=yes
ac_cv_func_setgid=yes
ac_cv_func_setuid=yes
ac_cv_func_snprintf=yes
ac_cv_func_socket=yes
ac_cv_func_stat=yes
ac_cv_func_strdup=yes
ac_cv_func_strerror=yes
ac_cv_func_strftime=yes
ac_cv_func_vfork=yes
ac_cv_func_vfprintf=yes
ac_cv_func_vsnprintf=yes
ac_cv_func_vsprintf=yes
ac_cv_func_wait=yes
ac_cv_func_waitpid=yes
ac_cv_header_arpa_inet_h=yes
ac_cv_header_errno_h=yes
ac_cv_header_fcntl_h=yes
ac_cv_header_getopt_h=yes
ac_cv_header_grp_h=yes
ac_cv_header_inttypes_h=yes
ac_cv_header_memory_h=yes
ac_cv_header_netdb_h=yes
ac_cv_header_netinet_in_h=yes
ac_cv_header_pwd_h=yes
ac_cv_header_signal_h=yes
ac_cv_header_stdarg_h=yes
ac_cv_header_stdc=yes
ac_cv_header_stdint_h=yes
ac_cv_header_stdlib_h=yes
ac_cv_header_string_h=yes
ac_cv_header_strings_h=yes
ac_cv_header_sys_socket_h=yes
ac_cv_header_sys_sockio_h=no
ac_cv_header_sys_stat_h=yes
ac_cv_header_sys_time_h=yes
ac_cv_header_sys_types_h=yes
ac_cv_header_sys_wait_h=yes
ac_cv_header_syslog_h=yes
ac_cv_header_time_h=yes
ac_cv_header_unistd_h=yes
ac_cv_host=mips-unknown-linux-gnu
ac_cv_lib_c_sys_errlist=no
ac_cv_objext=o
ac_cv_path_EGREP='/bin/grep -E'
ac_cv_path_GREP=/bin/grep
ac_cv_path_install='/usr/bin/install -c'
ac_cv_path_mkdir=/bin/mkdir
ac_cv_prog_AWK=gawk
ac_cv_prog_CC=mips-linux-uclibc-gcc
ac_cv_prog_CPP='mips-linux-uclibc-gcc -E'
ac_cv_prog_STRIP=mips-linux-uclibc-strip
ac_cv_prog_cc_c89=
ac_cv_prog_cc_g=yes
ac_cv_prog_make_make_set=yes
ac_cv_type_signal=void
am_cv_CC_dependencies_compiler_type=gcc3

## ----------------- ##
## Output variables. ##
## ----------------- ##

ACLOCAL='${SHELL} /root/Desktop/bigap1/cpe/ez-ipupdate-3.0.11b8/missing --run aclocal-1.10'
AMDEPBACKSLASH='\'
AMDEP_FALSE='#'
AMDEP_TRUE=''
AMTAR='${SHELL} /root/Desktop/bigap1/cpe/ez-ipupdate-3.0.11b8/missing --run tar'
AUTOCONF='${SHELL} /root/Desktop/bigap1/cpe/ez-ipupdate-3.0.11b8/missing --run autoconf'
AUTOHEADER='${SHELL} /root/Desktop/bigap1/cpe/ez-ipupdate-3.0.11b8/missing --run autoheader'
AUTOMAKE='${SHELL} /root/Desktop/bigap1/cpe/ez-ipupdate-3.0.11b8/missing --run automake-1.10'
AWK='gawk'
CC='mips-linux-uclibc-gcc'
CCDEPMODE='depmode=gcc3'
CFLAGS='-g -O2'
CPP='mips-linux-uclibc-gcc -E'
CPPFLAGS=''
CYGPATH_W='echo'
DEFS='-DHAVE_CONFIG_H'
DEPDIR='.deps'
ECHO_C=''
ECHO_N='-n'
ECHO_T=''
EGREP='/bin/grep -E'
EXEEXT=''
GREP='/bin/grep'
HAVE_GETPASS_FALSE=''
HAVE_GETPASS_TRUE='#'
INSTALL_DATA='${INSTALL} -m 644'
INSTALL_PROGRAM='${INSTALL}'
INSTALL_SCRIPT='${INSTALL}'
INSTALL_STRIP_PROGRAM='$(install_sh) -c -s'
LDFLAGS=''
LIBOBJS=''
LIBS=''
LTLIBOBJS=''
MAINT='#'
MAINTAINER_MODE_FALSE=''
MAINTAINER_MODE_TRUE='#'
MAKEINFO='${SHELL} /root/Desktop/bigap1/cpe/ez-ipupdate-3.0.11b8/missing --run makeinfo'
OBJEXT='o'
PACKAGE='ez-ipupdate'
PACKAGE_BUGREPORT=''
PACKAGE_NAME=''
PACKAGE_STRING=''
PACKAGE_TARNAME=''
PACKAGE_VERSION=''
PATH_SEPARATOR=':'
SET_MAKE=''
SHELL='/bin/sh'
STRIP='mips-linux-uclibc-strip'
VERSION='3.0.11b8'
ac_ct_CC=''
am__fastdepCC_FALSE='#'
am__fastdepCC_TRUE=''
am__include='include'
am__isrc=''
am__leading_dot='.'
am__quote=''
am__tar='${AMTAR} chof - "$$tardir"'
am__untar='${AMTAR} xf -'
bindir='${exec_prefix}/bin'
build='i686-pc-linux-gnu'
build_alias=''
build_cpu='i686'
build_os='linux-gnu'
build_vendor='pc'
datadir='${datarootdir}'
datarootdir='${prefix}/share'
docdir='${datarootdir}/doc/${PACKAGE}'
dvidir='${docdir}'
exec_prefix='${prefix}'
host='mips-unknown-linux-gnu'
host_alias='mips-linux'
host_cpu='mips'
host_os='linux-gnu'
host_vendor='unknown'
htmldir='${docdir}'
includedir='${prefix}/include'
infodir='${datarootdir}/info'
install_sh='$(SHELL) /root/Desktop/bigap1/cpe/ez-ipupdate-3.0.11b8/install-sh'
libdir='${exec_prefix}/lib'
libexecdir='${exec_prefix}/libexec'
localedir='${datarootdir}/locale'
localstatedir='${prefix}/var'
mandir='${datarootdir}/man'
mkdir_p='/bin/mkdir -p'
oldincludedir='/usr/include'
pdfdir='${docdir}'
prefix='/usr/local'
program_transform_name='s,x,x,'
psdir='${docdir}'
sbindir='${exec_prefix}/sbin'
sharedstatedir='${prefix}/com'
sysconfdir='${prefix}/etc'
target_alias=''

## ----------- ##
## confdefs.h. ##
## ----------- ##

#define PACKAGE_NAME ""
#define PACKAGE_TARNAME ""
#define PACKAGE_VERSION ""
#define PACKAGE_STRING ""
#define PACKAGE_BUGREPORT ""
#define PACKAGE "ez-ipupdate"
#define VERSION "3.0.11b8"
#define RETSIGTYPE void
#define HAVE_SOCKET 1
#define HAVE_STRDUP 1
#define HAVE_GETOPT_LONG 1
#define HAVE_GETHOSTBYADDR 1
#define HAVE_GETSERVBYNAME 1
#define HAVE_INET_ADDR 1
#define HAVE_INET_NTOA 1
#define HAVE_SNPRINTF 1
#define HAVE_VFPRINTF 1
#define HAVE_STAT 1
#define HAVE_VSPRINTF 1
#define HAVE_VSNPRINTF 1
#define HAVE_STRERROR 1
#define HAVE_STRFTIME 1
#define HAVE_WAIT 1
#define HAVE_WAITPID 1
#define HAVE_GETPID 1
#define HAVE_FORK 1
#define HAVE_VFORK 1
#define HAVE_GETUID 1
#define HAVE_GETEUID 1
#define HAVE_SETUID 1
#define HAVE_SETEUID 1
#define HAVE_GETGID 1
#define HAVE_GETEGID 1
#define HAVE_SETGID 1
#define HAVE_SETEGID 1
#define HAVE_INET_ATON 1
#define HAVE_HERROR 1
#define STDC_HEADERS 1
#define HAVE_SYS_TYPES_H 1
#define HAVE_SYS_STAT_H 1
#define HAVE_STDLIB_H 1
#define HAVE_STRING_H 1
#define HAVE_MEMORY_H 1
#define HAVE_STRINGS_H 1
#define HAVE_INTTYPES_H 1
#define HAVE_STDINT_H 1
#define HAVE_UNISTD_H 1
#define HAVE_ARPA_INET_H 1
#define HAVE_SYS_TYPES_H 1
#define HAVE_TIME_H 1
#define HAVE_SYS_TIME_H 1
#define HAVE_SYS_STAT_H 1
#define HAVE_FCNTL_H 1
#define HAVE_SIGNAL_H 1
#define HAVE_STRING_H 1
#define HAVE_SYSLOG_H 1
#define HAVE_PWD_H 1
#define HAVE_STDARG_H 1
#define HAVE_GRP_H 1
#define HAVE_ERRNO_H 1
#define HAVE_SYS_WAIT_H 1
#define HAVE_GETOPT_H 1
#define HAVE_UNISTD_H 1
#define HAVE_NETINET_IN_H 1
#define HAVE_NETDB_H 1
#define HAVE_SYS_SOCKET_H 1
#define HAVE_GETOPT 1
#define HAVE_GETPASS 1
#define OS "mips-unknown-linux-gnu"
#define DEF_SERVICE "NULL"
#define DEBUG 1
#define USE_MD5 1

configure: exit 0
